<?xml version="1.0" encoding="UTF-8"?>
<!-- Generated by org.testng.reporters.JUnitReportReporter -->
<testsuite hostname="LAPTOP-LHUR9BQO" failures="0" tests="1" name="com.crm.qa.testcases.ContactsPageTest" time="20.828" errors="0" timestamp="2021-03-03T11:35:28 AEDT" skipped="0">
  <testcase classname="com.crm.qa.testcases.ContactsPageTest" name="validateCreateNewContactsLink" time="20.828"/>
  <system-out/>
</testsuite> <!-- com.crm.qa.testcases.ContactsPageTest -->
