<?xml version="1.0" encoding="UTF-8"?>
<!-- Generated by org.testng.reporters.JUnitReportReporter -->
<testsuite hostname="LAPTOP-LHUR9BQO" failures="0" tests="2" name="com.crm.qa.testcases.HomePageTest" time="36.898" errors="0" timestamp="2021-02-04T16:32:51 AEDT" skipped="0">
  <testcase classname="com.crm.qa.testcases.HomePageTest" name="verifyUserTest" time="18.739"/>
  <system-out/>
  <testcase classname="com.crm.qa.testcases.HomePageTest" name="verifyContactsLinkTest" time="18.159"/>
  <system-out/>
</testsuite> <!-- com.crm.qa.testcases.HomePageTest -->
